2026-04-13T20:31:17.6894357Z State: Starting, Action: EstablishingSiteNetworks, LastError: , LastErrorTimestamp: 01/01/0001 00:00:00, LastErrorDetails: , Details: , DetailsLevel: INFO
2026-04-13T20:31:18.5574196Z State: Starting, Action: StartingSiteContainers, LastError: , LastErrorTimestamp: 01/01/0001 00:00:00, LastErrorDetails: , Details: , DetailsLevel: INFO
2026-04-13T20:31:18.5577069Z Container start method called.
2026-04-13T20:31:18.5600267Z State: Starting, Action: PullingImage, LastError: , LastErrorTimestamp: 01/01/0001 00:00:00, LastErrorDetails: , Details: Pulling image 10.1.0.6:13209/appsvc/python:3.11_20260203.2.tuxprod for fabric-poc-api., DetailsLevel: INFO
2026-04-13T20:31:18.5602312Z Establishing network.
2026-04-13T20:31:18.5607604Z Pulling image: appsvc/python:3.11_20260203.2.tuxprod.
2026-04-13T20:31:21.8282035Z Container is starting.
2026-04-13T20:31:21.8288515Z State: Starting, Action: MountingVolumes, LastError: , LastErrorTimestamp: 01/01/0001 00:00:00, LastErrorDetails: , Details: Mounting volumes for fabric-poc-api., DetailsLevel: INFO
2026-04-13T20:31:21.8294548Z Establishing user namespace if not established already.
2026-04-13T20:31:21.8295664Z Establishing network if not established already.
2026-04-13T20:31:21.8296826Z Mounting volumes.
2026-04-13T20:31:21.8300861Z Nested mountpoint 
2026-04-13T20:31:21.8464646Z Nested mountpoint volatile/logs
2026-04-13T20:31:21.8634985Z Nested mountpoint 
2026-04-13T20:31:21.9540222Z Nested mountpoint 
2026-04-13T20:31:21.9622790Z Nested mountpoint 
2026-04-13T20:31:22.1320585Z State: Starting, Action: CreatingContainer, LastError: , LastErrorTimestamp: 01/01/0001 00:00:00, LastErrorDetails: , Details: Finished pulling container image and mounting volumes for fabric-poc-api. Allocatinng the rest of the container resources to finish container creation., DetailsLevel: INFO
2026-04-13T20:31:22.1322607Z Creating container.
2026-04-13T20:31:22.1324070Z Creating pipes for streaming container io.
2026-04-13T20:31:22.1325561Z Creating stdout named pipe at /podr/container/pipe/5cadade599fd_fabric-poc-api/stdout_978c069fc88d4bf48a21b80eeeabc0bc.
2026-04-13T20:31:22.1337402Z Successfully created stdout named pipe at: /podr/container/pipe/5cadade599fd_fabric-poc-api/stdout_978c069fc88d4bf48a21b80eeeabc0bc.
2026-04-13T20:31:22.1339088Z Opening named pipe /podr/container/pipe/5cadade599fd_fabric-poc-api/stdout_978c069fc88d4bf48a21b80eeeabc0bc for reading in non-blocking mode.
2026-04-13T20:31:22.1340794Z Successfully opened named pipe: /podr/container/pipe/5cadade599fd_fabric-poc-api/stdout_978c069fc88d4bf48a21b80eeeabc0bc.
2026-04-13T20:31:22.1343750Z Successfully removed non-blocking flag from /podr/container/pipe/5cadade599fd_fabric-poc-api/stdout_978c069fc88d4bf48a21b80eeeabc0bc.
2026-04-13T20:31:22.1358901Z Creating stderr named pipe at /podr/container/pipe/5cadade599fd_fabric-poc-api/stderr_e9181a5890db455e8d09d6086f84f517.
2026-04-13T20:31:22.1361285Z Successfully created stderr named pipe at: /podr/container/pipe/5cadade599fd_fabric-poc-api/stderr_e9181a5890db455e8d09d6086f84f517.
2026-04-13T20:31:22.1362986Z Opening named pipe /podr/container/pipe/5cadade599fd_fabric-poc-api/stderr_e9181a5890db455e8d09d6086f84f517 for reading in non-blocking mode.
2026-04-13T20:31:22.1364931Z Successfully opened named pipe: /podr/container/pipe/5cadade599fd_fabric-poc-api/stderr_e9181a5890db455e8d09d6086f84f517.
2026-04-13T20:31:22.1368317Z Successfully removed non-blocking flag from /podr/container/pipe/5cadade599fd_fabric-poc-api/stderr_e9181a5890db455e8d09d6086f84f517.
2026-04-13T20:31:22.1370839Z Creating container with image: appsvc/python:3.11_20260203.2.tuxprod from registry: 10.1.0.6:13209 and fully qualified image name: 10.1.0.6:13209/appsvc/python:3.11_20260203.2.tuxprod
2026-04-13T20:31:23.9306631Z Starting container: 5cadade599fd_fabric-poc-api.
2026-04-13T20:31:24.1098146Z Starting watchers and probes.
2026-04-13T20:31:24.1102627Z Starting metrics collection.
2026-04-13T20:31:24.1121224Z Container is running.
2026-04-13T20:31:24.1124676Z State: Starting, Action: CreatingContainer, LastError: , LastErrorTimestamp: 01/01/0001 00:00:00, LastErrorDetails: , Details: Container fabric-poc-api successfully created and is running., DetailsLevel: INFO
2026-04-13T20:31:24.4139674Z Container start method finished after 5856 ms.
2026-04-13T20:31:24.4143154Z State: Starting, Action: InitiatingSiteWarmUpProbe, LastError: , LastErrorTimestamp: 01/01/0001 00:00:00, LastErrorDetails: , Details: Container fabric-poc-api successfully created and is running., DetailsLevel: INFO
2026-04-13T20:31:24.7023077Z State: Starting, Action: WaitingForSiteWarmUpProbeSuccess, LastError: , LastErrorTimestamp: 01/01/0001 00:00:00, LastErrorDetails: , Details: Pinging warmup path to ensure container is ready to receive requests., DetailsLevel: INFO
2026-04-13T20:31:36.5136712Z Container has finished running with exit code: 2.
2026-04-13T20:31:36.5206987Z Container is terminating. Grace period: 5 seconds.
2026-04-13T20:31:36.5256733Z Stop and delete container. Retry count = 0
2026-04-13T20:31:36.5267067Z Stopping container: 5cadade599fd_fabric-poc-api.
2026-04-13T20:31:36.6561745Z Deleting container: 5cadade599fd_fabric-poc-api. Retry count = 0
2026-04-13T20:31:38.4004060Z Container spec TerminationMessagePolicy  path 
2026-04-13T20:31:38.4030359Z Container is terminated. Total time elapsed: 1881 ms.
2026-04-13T20:31:38.4032283Z Site container: fabric-poc-api terminated during site startup.
2026-04-13T20:31:38.4492235Z State: Stopping, Action: CancellingStartup, LastError: , LastErrorTimestamp: 01/01/0001 00:00:00, LastErrorDetails: , Details: Site container: fabric-poc-api terminated during site startup. Cancelling site startup., DetailsLevel: ERR
2026-04-13T20:31:38.6134760Z Site startup probe failed after 13.6432041 seconds.
2026-04-13T20:31:38.8599167Z State: Stopping, Action: CancellingStartup, LastError: ContainerTimeout, LastErrorTimestamp: 04/13/2026 20:31:38, LastErrorDetails: Container did not start within expected time limit of 230s. Please inspect your container logs for more details., Details: Site container: fabric-poc-api terminated during site startup. Cancelling site startup., DetailsLevel: ERR
2026-04-13T20:31:38.8686112Z Failed to start site. Revert by stopping site.
2026-04-13T20:31:38.8778512Z State: Stopping, Action: StoppingSite, LastError: ContainerTimeout, LastErrorTimestamp: 04/13/2026 20:31:38, LastErrorDetails: Container did not start within expected time limit of 230s. Please inspect your container logs for more details., Details: Site container: fabric-poc-api terminated during site startup. Cancelling site startup., DetailsLevel: ERR
2026-04-13T20:31:38.8819867Z State: Stopping, Action: StoppingSiteContainers, LastError: ContainerTimeout, LastErrorTimestamp: 04/13/2026 20:31:38, LastErrorDetails: Container did not start within expected time limit of 230s. Please inspect your container logs for more details., Details: Site container: fabric-poc-api terminated during site startup. Cancelling site startup., DetailsLevel: ERR
2026-04-13T20:31:38.8831595Z Site: fabric-poc-api stopped.
2026-04-13T20:31:38.8933874Z State: Stopping, Action: UnmountingVolumes, LastError: ContainerTimeout, LastErrorTimestamp: 04/13/2026 20:31:38, LastErrorDetails: Container did not start within expected time limit of 230s. Please inspect your container logs for more details., Details: Site container: fabric-poc-api terminated during site startup. Cancelling site startup., DetailsLevel: ERR
2026-04-13T20:31:39.2967914Z State: Stopping, Action: StoppingSiteNetworks, LastError: ContainerTimeout, LastErrorTimestamp: 04/13/2026 20:31:38, LastErrorDetails: Container did not start within expected time limit of 230s. Please inspect your container logs for more details., Details: Site container: fabric-poc-api terminated during site startup. Cancelling site startup., DetailsLevel: ERR
2026-04-13T20:31:40.2103502Z State: Stopped, Action: None, LastError: ContainerTimeout, LastErrorTimestamp: 04/13/2026 20:31:38, LastErrorDetails: Container did not start within expected time limit of 230s. Please inspect your container logs for more details., Details: Site stopped at 04/13/2026 20:31:40 (UTC), DetailsLevel: ERR
2026-04-13T20:31:40.6172822Z State: Stopped, Action: None, LastError: ContainerTimeout, LastErrorTimestamp: 04/13/2026 20:31:38, LastErrorDetails: Container did not start within expected time limit of 230s. Please inspect your container logs for more details., Details: Site stopped at 04/13/2026 20:31:40 (UTC), DetailsLevel: ERR
2026-04-13T20:31:46.3647089Z State: Starting, Action: EstablishingSiteNetworks, LastError: ContainerTimeout, LastErrorTimestamp: 04/13/2026 20:31:38, LastErrorDetails: Container did not start within expected time limit of 230s. Please inspect your container logs for more details., Details: Site stopped at 04/13/2026 20:31:40 (UTC), DetailsLevel: ERR
2026-04-13T20:31:46.9200091Z State: Starting, Action: StartingSiteContainers, LastError: ContainerTimeout, LastErrorTimestamp: 04/13/2026 20:31:38, LastErrorDetails: Container did not start within expected time limit of 230s. Please inspect your container logs for more details., Details: Site stopped at 04/13/2026 20:31:40 (UTC), DetailsLevel: ERR
2026-04-13T20:31:46.9203010Z Container start method called.
2026-04-13T20:31:46.9203653Z State: Starting, Action: PullingImage, LastError: ContainerTimeout, LastErrorTimestamp: 04/13/2026 20:31:38, LastErrorDetails: Container did not start within expected time limit of 230s. Please inspect your container logs for more details., Details: Pulling image 10.1.0.6:13209/appsvc/python:3.11_20260203.2.tuxprod for fabric-poc-api., DetailsLevel: INFO
2026-04-13T20:31:46.9205250Z Establishing network.
2026-04-13T20:31:46.9207062Z Pulling image: appsvc/python:3.11_20260203.2.tuxprod.
2026-04-13T20:31:47.1295426Z Container is starting.
2026-04-13T20:31:47.1296331Z State: Starting, Action: MountingVolumes, LastError: ContainerTimeout, LastErrorTimestamp: 04/13/2026 20:31:38, LastErrorDetails: Container did not start within expected time limit of 230s. Please inspect your container logs for more details., Details: Mounting volumes for fabric-poc-api., DetailsLevel: INFO
2026-04-13T20:31:47.1297717Z Establishing user namespace if not established already.
2026-04-13T20:31:47.1298991Z Establishing network if not established already.
2026-04-13T20:31:47.1300365Z Mounting volumes.
2026-04-13T20:31:47.1306073Z Nested mountpoint 
2026-04-13T20:31:47.1428328Z Nested mountpoint volatile/logs
2026-04-13T20:31:47.1486262Z Nested mountpoint 
2026-04-13T20:31:47.1492872Z Nested mountpoint 
2026-04-13T20:31:47.1500073Z Nested mountpoint 
2026-04-13T20:31:47.2924896Z State: Starting, Action: CreatingContainer, LastError: ContainerTimeout, LastErrorTimestamp: 04/13/2026 20:31:38, LastErrorDetails: Container did not start within expected time limit of 230s. Please inspect your container logs for more details., Details: Finished pulling container image and mounting volumes for fabric-poc-api. Allocatinng the rest of the container resources to finish container creation., DetailsLevel: INFO
2026-04-13T20:31:47.2926495Z Creating container.
2026-04-13T20:31:47.2927770Z Creating pipes for streaming container io.
2026-04-13T20:31:47.2928899Z Creating stdout named pipe at /podr/container/pipe/074e1490deb0_fabric-poc-api/stdout_71a9a09ee0164d3888daf44bc4329ab4.
2026-04-13T20:31:47.2942968Z Successfully created stdout named pipe at: /podr/container/pipe/074e1490deb0_fabric-poc-api/stdout_71a9a09ee0164d3888daf44bc4329ab4.
2026-04-13T20:31:47.2944455Z Opening named pipe /podr/container/pipe/074e1490deb0_fabric-poc-api/stdout_71a9a09ee0164d3888daf44bc4329ab4 for reading in non-blocking mode.
2026-04-13T20:31:47.2946466Z Successfully opened named pipe: /podr/container/pipe/074e1490deb0_fabric-poc-api/stdout_71a9a09ee0164d3888daf44bc4329ab4.
2026-04-13T20:31:47.2953839Z Successfully removed non-blocking flag from /podr/container/pipe/074e1490deb0_fabric-poc-api/stdout_71a9a09ee0164d3888daf44bc4329ab4.
2026-04-13T20:31:47.2957817Z Creating stderr named pipe at /podr/container/pipe/074e1490deb0_fabric-poc-api/stderr_aa7d6eea2bc142c6bdaf28b391f9f707.
2026-04-13T20:31:47.2959469Z Successfully created stderr named pipe at: /podr/container/pipe/074e1490deb0_fabric-poc-api/stderr_aa7d6eea2bc142c6bdaf28b391f9f707.
2026-04-13T20:31:47.2962612Z Opening named pipe /podr/container/pipe/074e1490deb0_fabric-poc-api/stderr_aa7d6eea2bc142c6bdaf28b391f9f707 for reading in non-blocking mode.
2026-04-13T20:31:47.2965616Z Successfully opened named pipe: /podr/container/pipe/074e1490deb0_fabric-poc-api/stderr_aa7d6eea2bc142c6bdaf28b391f9f707.
2026-04-13T20:31:47.2967645Z Successfully removed non-blocking flag from /podr/container/pipe/074e1490deb0_fabric-poc-api/stderr_aa7d6eea2bc142c6bdaf28b391f9f707.
2026-04-13T20:31:47.2969785Z Creating container with image: appsvc/python:3.11_20260203.2.tuxprod from registry: 10.1.0.6:13209 and fully qualified image name: 10.1.0.6:13209/appsvc/python:3.11_20260203.2.tuxprod
2026-04-13T20:31:48.3093911Z Starting container: 074e1490deb0_fabric-poc-api.
2026-04-13T20:31:48.3828225Z Starting watchers and probes.
2026-04-13T20:31:48.3831026Z Starting metrics collection.
2026-04-13T20:31:48.3833203Z Container is running.
2026-04-13T20:31:48.4596034Z State: Starting, Action: CreatingContainer, LastError: ContainerTimeout, LastErrorTimestamp: 04/13/2026 20:31:38, LastErrorDetails: Container did not start within expected time limit of 230s. Please inspect your container logs for more details., Details: Container fabric-poc-api successfully created and is running., DetailsLevel: INFO
2026-04-13T20:31:48.4778218Z Container start method finished after 1557 ms.
2026-04-13T20:31:48.4780934Z State: Starting, Action: InitiatingSiteWarmUpProbe, LastError: ContainerTimeout, LastErrorTimestamp: 04/13/2026 20:31:38, LastErrorDetails: Container did not start within expected time limit of 230s. Please inspect your container logs for more details., Details: Container fabric-poc-api successfully created and is running., DetailsLevel: INFO
2026-04-13T20:31:48.4781509Z State: Starting, Action: WaitingForSiteWarmUpProbeSuccess, LastError: ContainerTimeout, LastErrorTimestamp: 04/13/2026 20:31:38, LastErrorDetails: Container did not start within expected time limit of 230s. Please inspect your container logs for more details., Details: Pinging warmup path to ensure container is ready to receive requests., DetailsLevel: INFO
2026-04-13T20:31:56.9408395Z Container has finished running with exit code: 127.
2026-04-13T20:31:56.9409579Z Container is terminating. Grace period: 5 seconds.
2026-04-13T20:31:56.9414529Z Stop and delete container. Retry count = 0
2026-04-13T20:31:56.9415816Z Stopping container: 074e1490deb0_fabric-poc-api.
2026-04-13T20:31:56.9780620Z Deleting container: 074e1490deb0_fabric-poc-api. Retry count = 0
2026-04-13T20:31:57.3763422Z Container spec TerminationMessagePolicy  path 
2026-04-13T20:31:57.3765539Z Container is terminated. Total time elapsed: 435 ms.
2026-04-13T20:31:57.3767279Z Site container: fabric-poc-api terminated during site startup.
2026-04-13T20:31:57.3768168Z State: Stopping, Action: CancellingStartup, LastError: ContainerTimeout, LastErrorTimestamp: 04/13/2026 20:31:38, LastErrorDetails: Container did not start within expected time limit of 230s. Please inspect your container logs for more details., Details: Site container: fabric-poc-api terminated during site startup. Cancelling site startup., DetailsLevel: ERR
2026-04-13T20:31:57.3828389Z Site startup probe failed after 8.8711479 seconds.
2026-04-13T20:31:57.4296491Z State: Stopping, Action: CancellingStartup, LastError: ContainerTimeout, LastErrorTimestamp: 04/13/2026 20:31:57, LastErrorDetails: Container did not start within expected time limit of 230s. Please inspect your container logs for more details., Details: Site container: fabric-poc-api terminated during site startup. Cancelling site startup., DetailsLevel: ERR
2026-04-13T20:31:57.4331718Z Failed to start site. Revert by stopping site.
2026-04-13T20:31:57.4333890Z State: Stopping, Action: StoppingSite, LastError: ContainerTimeout, LastErrorTimestamp: 04/13/2026 20:31:57, LastErrorDetails: Container did not start within expected time limit of 230s. Please inspect your container logs for more details., Details: Site container: fabric-poc-api terminated during site startup. Cancelling site startup., DetailsLevel: ERR
2026-04-13T20:31:57.4416161Z State: Stopping, Action: StoppingSiteContainers, LastError: ContainerTimeout, LastErrorTimestamp: 04/13/2026 20:31:57, LastErrorDetails: Container did not start within expected time limit of 230s. Please inspect your container logs for more details., Details: Site container: fabric-poc-api terminated during site startup. Cancelling site startup., DetailsLevel: ERR
2026-04-13T20:31:57.4416375Z Site: fabric-poc-api stopped.
2026-04-13T20:31:57.4431852Z State: Stopping, Action: UnmountingVolumes, LastError: ContainerTimeout, LastErrorTimestamp: 04/13/2026 20:31:57, LastErrorDetails: Container did not start within expected time limit of 230s. Please inspect your container logs for more details., Details: Site container: fabric-poc-api terminated during site startup. Cancelling site startup., DetailsLevel: ERR
2026-04-13T20:31:57.5223653Z State: Stopping, Action: StoppingSiteNetworks, LastError: ContainerTimeout, LastErrorTimestamp: 04/13/2026 20:31:57, LastErrorDetails: Container did not start within expected time limit of 230s. Please inspect your container logs for more details., Details: Site container: fabric-poc-api terminated during site startup. Cancelling site startup., DetailsLevel: ERR
2026-04-13T20:31:57.6085272Z Site: fabric-poc-api will be blocked for 1 minutes till 04/13/2026 20:32:57
2026-04-13T20:31:57.6088435Z State: Blocked, Action: StoppingSiteNetworks, LastError: ContainerTimeout, LastErrorTimestamp: 04/13/2026 20:31:57, LastErrorDetails: Container did not start within expected time limit of 230s. Please inspect your container logs for more details., Details: Site: fabric-poc-api will be blocked for 1 minutes till 04/13/2026 20:32:57, DetailsLevel: WARN
2026-04-13T20:31:57.6406869Z State: Stopped, Action: None, LastError: ContainerTimeout, LastErrorTimestamp: 04/13/2026 20:31:57, LastErrorDetails: Container did not start within expected time limit of 230s. Please inspect your container logs for more details., Details: Site stopped at 04/13/2026 20:31:57 (UTC), DetailsLevel: WARN
2026-04-13T20:31:57.6648583Z State: Stopped, Action: None, LastError: ContainerTimeout, LastErrorTimestamp: 04/13/2026 20:31:57, LastErrorDetails: Container did not start within expected time limit of 230s. Please inspect your container logs for more details., Details: Site stopped at 04/13/2026 20:31:57 (UTC), DetailsLevel: WARN
2026-04-13T20:32:00.6531594Z State: Blocked, Action: None, LastError: ContainerTimeout, LastErrorTimestamp: 04/13/2026 20:31:57, LastErrorDetails: Container did not start within expected time limit of 230s. Please inspect your container logs for more details., Details: Site is blocked due to multiple, consecutive cold start failures. Site scheduled to be unblocked at 04/13/2026 20:32:57, DetailsLevel: WARN
2026-04-13T20:32:00.6531895Z Start site prohibitted because the site is being blocked.
2026-04-13T20:32:02.7016041Z State: Blocked, Action: None, LastError: ContainerTimeout, LastErrorTimestamp: 04/13/2026 20:31:57, LastErrorDetails: Container did not start within expected time limit of 230s. Please inspect your container logs for more details., Details: Site is blocked due to multiple, consecutive cold start failures. Site scheduled to be unblocked at 04/13/2026 20:32:57, DetailsLevel: WARN
2026-04-13T20:32:02.7016346Z Start site prohibitted because the site is being blocked.
2026-04-13T20:32:04.0330076Z State: Blocked, Action: None, LastError: ContainerTimeout, LastErrorTimestamp: 04/13/2026 20:31:57, LastErrorDetails: Container did not start within expected time limit of 230s. Please inspect your container logs for more details., Details: Site is blocked due to multiple, consecutive cold start failures. Site scheduled to be unblocked at 04/13/2026 20:32:57, DetailsLevel: WARN
2026-04-13T20:32:04.0330452Z Start site prohibitted because the site is being blocked.
2026-04-13T20:32:07.7490318Z State: Blocked, Action: None, LastError: ContainerTimeout, LastErrorTimestamp: 04/13/2026 20:31:57, LastErrorDetails: Container did not start within expected time limit of 230s. Please inspect your container logs for more details., Details: Site is blocked due to multiple, consecutive cold start failures. Site scheduled to be unblocked at 04/13/2026 20:32:57, DetailsLevel: WARN
2026-04-13T20:32:07.7490707Z Start site prohibitted because the site is being blocked.
2026-04-13T20:32:10.3564400Z State: Blocked, Action: None, LastError: ContainerTimeout, LastErrorTimestamp: 04/13/2026 20:31:57, LastErrorDetails: Container did not start within expected time limit of 230s. Please inspect your container logs for more details., Details: Site is blocked due to multiple, consecutive cold start failures. Site scheduled to be unblocked at 04/13/2026 20:32:57, DetailsLevel: WARN
2026-04-13T20:32:10.3565063Z Start site prohibitted because the site is being blocked.
2026-04-13T20:32:12.2786325Z State: Blocked, Action: None, LastError: ContainerTimeout, LastErrorTimestamp: 04/13/2026 20:31:57, LastErrorDetails: Container did not start within expected time limit of 230s. Please inspect your container logs for more details., Details: Site is blocked due to multiple, consecutive cold start failures. Site scheduled to be unblocked at 04/13/2026 20:32:57, DetailsLevel: WARN
2026-04-13T20:32:12.2786654Z Start site prohibitted because the site is being blocked.
2026-04-13T20:32:12.9144430Z State: Blocked, Action: None, LastError: ContainerTimeout, LastErrorTimestamp: 04/13/2026 20:31:57, LastErrorDetails: Container did not start within expected time limit of 230s. Please inspect your container logs for more details., Details: Site is blocked due to multiple, consecutive cold start failures. Site scheduled to be unblocked at 04/13/2026 20:32:57, DetailsLevel: WARN
2026-04-13T20:32:12.9145642Z Start site prohibitted because the site is being blocked.
2026-04-13T20:32:14.7189566Z State: Blocked, Action: None, LastError: ContainerTimeout, LastErrorTimestamp: 04/13/2026 20:31:57, LastErrorDetails: Container did not start within expected time limit of 230s. Please inspect your container logs for more details., Details: Site is blocked due to multiple, consecutive cold start failures. Site scheduled to be unblocked at 04/13/2026 20:32:57, DetailsLevel: WARN
2026-04-13T20:32:14.7189835Z Start site prohibitted because the site is being blocked.
2026-04-13T20:32:18.0687573Z State: Blocked, Action: None, LastError: ContainerTimeout, LastErrorTimestamp: 04/13/2026 20:31:57, LastErrorDetails: Container did not start within expected time limit of 230s. Please inspect your container logs for more details., Details: Site is blocked due to multiple, consecutive cold start failures. Site scheduled to be unblocked at 04/13/2026 20:32:57, DetailsLevel: WARN
2026-04-13T20:32:18.0687886Z Start site prohibitted because the site is being blocked.
2026-04-13T20:32:19.1732880Z State: Blocked, Action: None, LastError: ContainerTimeout, LastErrorTimestamp: 04/13/2026 20:31:57, LastErrorDetails: Container did not start within expected time limit of 230s. Please inspect your container logs for more details., Details: Site is blocked due to multiple, consecutive cold start failures. Site scheduled to be unblocked at 04/13/2026 20:32:57, DetailsLevel: WARN
2026-04-13T20:32:19.1733243Z Start site prohibitted because the site is being blocked.
2026-04-13T20:32:23.1507915Z State: Blocked, Action: None, LastError: ContainerTimeout, LastErrorTimestamp: 04/13/2026 20:31:57, LastErrorDetails: Container did not start within expected time limit of 230s. Please inspect your container logs for more details., Details: Site is blocked due to multiple, consecutive cold start failures. Site scheduled to be unblocked at 04/13/2026 20:32:57, DetailsLevel: WARN
2026-04-13T20:32:23.1508329Z Start site prohibitted because the site is being blocked.
2026-04-13T20:32:28.2145200Z State: Blocked, Action: None, LastError: ContainerTimeout, LastErrorTimestamp: 04/13/2026 20:31:57, LastErrorDetails: Container did not start within expected time limit of 230s. Please inspect your container logs for more details., Details: Site is blocked due to multiple, consecutive cold start failures. Site scheduled to be unblocked at 04/13/2026 20:32:57, DetailsLevel: WARN
2026-04-13T20:32:28.2145474Z Start site prohibitted because the site is being blocked.
2026-04-13T20:32:33.2785641Z State: Blocked, Action: None, LastError: ContainerTimeout, LastErrorTimestamp: 04/13/2026 20:31:57, LastErrorDetails: Container did not start within expected time limit of 230s. Please inspect your container logs for more details., Details: Site is blocked due to multiple, consecutive cold start failures. Site scheduled to be unblocked at 04/13/2026 20:32:57, DetailsLevel: WARN
2026-04-13T20:32:33.2786073Z Start site prohibitted because the site is being blocked.
2026-04-13T20:32:38.3507788Z State: Blocked, Action: None, LastError: ContainerTimeout, LastErrorTimestamp: 04/13/2026 20:31:57, LastErrorDetails: Container did not start within expected time limit of 230s. Please inspect your container logs for more details., Details: Site is blocked due to multiple, consecutive cold start failures. Site scheduled to be unblocked at 04/13/2026 20:32:57, DetailsLevel: WARN
2026-04-13T20:32:38.3508373Z Start site prohibitted because the site is being blocked.
2026-04-13T20:32:43.4260340Z State: Blocked, Action: None, LastError: ContainerTimeout, LastErrorTimestamp: 04/13/2026 20:31:57, LastErrorDetails: Container did not start within expected time limit of 230s. Please inspect your container logs for more details., Details: Site is blocked due to multiple, consecutive cold start failures. Site scheduled to be unblocked at 04/13/2026 20:32:57, DetailsLevel: WARN
2026-04-13T20:32:43.4260648Z Start site prohibitted because the site is being blocked.
2026-04-13T20:32:49.0341325Z State: Blocked, Action: None, LastError: ContainerTimeout, LastErrorTimestamp: 04/13/2026 20:31:57, LastErrorDetails: Container did not start within expected time limit of 230s. Please inspect your container logs for more details., Details: Site is blocked due to multiple, consecutive cold start failures. Site scheduled to be unblocked at 04/13/2026 20:32:57, DetailsLevel: WARN
2026-04-13T20:32:49.0342255Z Start site prohibitted because the site is being blocked.
2026-04-13T20:32:54.0996039Z State: Blocked, Action: None, LastError: ContainerTimeout, LastErrorTimestamp: 04/13/2026 20:31:57, LastErrorDetails: Container did not start within expected time limit of 230s. Please inspect your container logs for more details., Details: Site is blocked due to multiple, consecutive cold start failures. Site scheduled to be unblocked at 04/13/2026 20:32:57, DetailsLevel: WARN
2026-04-13T20:32:54.0996330Z Start site prohibitted because the site is being blocked.
2026-04-13T20:32:57.6089349Z Site: fabric-poc-api is unblocked.
2026-04-13T20:32:59.1817954Z State: Starting, Action: EstablishingSiteNetworks, LastError: ContainerTimeout, LastErrorTimestamp: 04/13/2026 20:31:57, LastErrorDetails: Container did not start within expected time limit of 230s. Please inspect your container logs for more details., Details: Site is blocked due to multiple, consecutive cold start failures. Site scheduled to be unblocked at 04/13/2026 20:32:57, DetailsLevel: WARN
2026-04-13T20:32:59.8042344Z State: Starting, Action: StartingSiteContainers, LastError: ContainerTimeout, LastErrorTimestamp: 04/13/2026 20:31:57, LastErrorDetails: Container did not start within expected time limit of 230s. Please inspect your container logs for more details., Details: Site is blocked due to multiple, consecutive cold start failures. Site scheduled to be unblocked at 04/13/2026 20:32:57, DetailsLevel: WARN
2026-04-13T20:32:59.8043829Z Container start method called.
2026-04-13T20:32:59.8044407Z State: Starting, Action: PullingImage, LastError: ContainerTimeout, LastErrorTimestamp: 04/13/2026 20:31:57, LastErrorDetails: Container did not start within expected time limit of 230s. Please inspect your container logs for more details., Details: Pulling image 10.1.0.6:13209/appsvc/python:3.11_20260203.2.tuxprod for fabric-poc-api., DetailsLevel: INFO
2026-04-13T20:32:59.8045570Z Establishing network.
2026-04-13T20:32:59.8046860Z Pulling image: appsvc/python:3.11_20260203.2.tuxprod.
2026-04-13T20:32:59.9119081Z Container is starting.
2026-04-13T20:32:59.9119856Z State: Starting, Action: MountingVolumes, LastError: ContainerTimeout, LastErrorTimestamp: 04/13/2026 20:31:57, LastErrorDetails: Container did not start within expected time limit of 230s. Please inspect your container logs for more details., Details: Mounting volumes for fabric-poc-api., DetailsLevel: INFO
2026-04-13T20:32:59.9121260Z Establishing user namespace if not established already.
2026-04-13T20:32:59.9138250Z Establishing network if not established already.
2026-04-13T20:32:59.9139901Z Mounting volumes.
2026-04-13T20:32:59.9148614Z Nested mountpoint 
2026-04-13T20:32:59.9254335Z Nested mountpoint volatile/logs
2026-04-13T20:32:59.9348304Z Nested mountpoint 
2026-04-13T20:32:59.9366586Z Nested mountpoint 
2026-04-13T20:32:59.9437619Z Nested mountpoint 
2026-04-13T20:33:00.0302754Z State: Starting, Action: CreatingContainer, LastError: ContainerTimeout, LastErrorTimestamp: 04/13/2026 20:31:57, LastErrorDetails: Container did not start within expected time limit of 230s. Please inspect your container logs for more details., Details: Finished pulling container image and mounting volumes for fabric-poc-api. Allocatinng the rest of the container resources to finish container creation., DetailsLevel: INFO
2026-04-13T20:33:00.0304792Z Creating container.
2026-04-13T20:33:00.0307969Z Creating pipes for streaming container io.
2026-04-13T20:33:00.0312371Z Creating stdout named pipe at /podr/container/pipe/55ebdddbde96_fabric-poc-api/stdout_d412a8316a96442fbf0bc895a9a1e46d.
2026-04-13T20:33:00.0315452Z Successfully created stdout named pipe at: /podr/container/pipe/55ebdddbde96_fabric-poc-api/stdout_d412a8316a96442fbf0bc895a9a1e46d.
2026-04-13T20:33:00.0317324Z Opening named pipe /podr/container/pipe/55ebdddbde96_fabric-poc-api/stdout_d412a8316a96442fbf0bc895a9a1e46d for reading in non-blocking mode.
2026-04-13T20:33:00.0319294Z Successfully opened named pipe: /podr/container/pipe/55ebdddbde96_fabric-poc-api/stdout_d412a8316a96442fbf0bc895a9a1e46d.
2026-04-13T20:33:00.0321082Z Successfully removed non-blocking flag from /podr/container/pipe/55ebdddbde96_fabric-poc-api/stdout_d412a8316a96442fbf0bc895a9a1e46d.
2026-04-13T20:33:00.0330948Z Creating stderr named pipe at /podr/container/pipe/55ebdddbde96_fabric-poc-api/stderr_3f56c63a5d1e4b5b9414276ac610efe0.
2026-04-13T20:33:00.0332725Z Successfully created stderr named pipe at: /podr/container/pipe/55ebdddbde96_fabric-poc-api/stderr_3f56c63a5d1e4b5b9414276ac610efe0.
2026-04-13T20:33:00.0333887Z Opening named pipe /podr/container/pipe/55ebdddbde96_fabric-poc-api/stderr_3f56c63a5d1e4b5b9414276ac610efe0 for reading in non-blocking mode.
2026-04-13T20:33:00.0335455Z Successfully opened named pipe: /podr/container/pipe/55ebdddbde96_fabric-poc-api/stderr_3f56c63a5d1e4b5b9414276ac610efe0.
2026-04-13T20:33:00.0336609Z Successfully removed non-blocking flag from /podr/container/pipe/55ebdddbde96_fabric-poc-api/stderr_3f56c63a5d1e4b5b9414276ac610efe0.
2026-04-13T20:33:00.0338276Z Creating container with image: appsvc/python:3.11_20260203.2.tuxprod from registry: 10.1.0.6:13209 and fully qualified image name: 10.1.0.6:13209/appsvc/python:3.11_20260203.2.tuxprod
2026-04-13T20:33:00.2328650Z Starting container: 55ebdddbde96_fabric-poc-api.
2026-04-13T20:33:00.2497379Z Starting watchers and probes.
2026-04-13T20:33:00.2499788Z Starting metrics collection.
2026-04-13T20:33:00.2501353Z Container is running.
2026-04-13T20:33:00.2504213Z State: Starting, Action: CreatingContainer, LastError: ContainerTimeout, LastErrorTimestamp: 04/13/2026 20:31:57, LastErrorDetails: Container did not start within expected time limit of 230s. Please inspect your container logs for more details., Details: Container fabric-poc-api successfully created and is running., DetailsLevel: INFO
2026-04-13T20:33:00.3034597Z Container start method finished after 498 ms.
2026-04-13T20:33:00.3036459Z State: Starting, Action: InitiatingSiteWarmUpProbe, LastError: ContainerTimeout, LastErrorTimestamp: 04/13/2026 20:31:57, LastErrorDetails: Container did not start within expected time limit of 230s. Please inspect your container logs for more details., Details: Container fabric-poc-api successfully created and is running., DetailsLevel: INFO
2026-04-13T20:33:00.3036710Z State: Starting, Action: WaitingForSiteWarmUpProbeSuccess, LastError: ContainerTimeout, LastErrorTimestamp: 04/13/2026 20:31:57, LastErrorDetails: Container did not start within expected time limit of 230s. Please inspect your container logs for more details., Details: Pinging warmup path to ensure container is ready to receive requests., DetailsLevel: INFO
2026-04-13T20:33:06.2636998Z Container has finished running with exit code: 127.
2026-04-13T20:33:06.2638479Z Container is terminating. Grace period: 5 seconds.
2026-04-13T20:33:06.2643673Z Stop and delete container. Retry count = 0
2026-04-13T20:33:06.2644801Z Stopping container: 55ebdddbde96_fabric-poc-api.
2026-04-13T20:33:06.3604303Z Deleting container: 55ebdddbde96_fabric-poc-api. Retry count = 0
2026-04-13T20:33:06.7969142Z Container spec TerminationMessagePolicy  path 
2026-04-13T20:33:06.7971462Z Container is terminated. Total time elapsed: 533 ms.
2026-04-13T20:33:06.7972678Z Site container: fabric-poc-api terminated during site startup.
2026-04-13T20:33:06.7973443Z State: Stopping, Action: CancellingStartup, LastError: ContainerTimeout, LastErrorTimestamp: 04/13/2026 20:31:57, LastErrorDetails: Container did not start within expected time limit of 230s. Please inspect your container logs for more details., Details: Site container: fabric-poc-api terminated during site startup. Cancelling site startup., DetailsLevel: ERR
2026-04-13T20:33:06.7985952Z Site startup probe failed after 6.4941923 seconds.
2026-04-13T20:33:06.8534861Z State: Stopping, Action: CancellingStartup, LastError: ContainerTimeout, LastErrorTimestamp: 04/13/2026 20:33:06, LastErrorDetails: Container did not start within expected time limit of 230s. Please inspect your container logs for more details., Details: Site container: fabric-poc-api terminated during site startup. Cancelling site startup., DetailsLevel: ERR
2026-04-13T20:33:06.8583409Z Failed to start site. Revert by stopping site.
2026-04-13T20:33:06.8599923Z State: Stopping, Action: StoppingSite, LastError: ContainerTimeout, LastErrorTimestamp: 04/13/2026 20:33:06, LastErrorDetails: Container did not start within expected time limit of 230s. Please inspect your container logs for more details., Details: Site container: fabric-poc-api terminated during site startup. Cancelling site startup., DetailsLevel: ERR
2026-04-13T20:33:06.8602122Z State: Stopping, Action: StoppingSiteContainers, LastError: ContainerTimeout, LastErrorTimestamp: 04/13/2026 20:33:06, LastErrorDetails: Container did not start within expected time limit of 230s. Please inspect your container logs for more details., Details: Site container: fabric-poc-api terminated during site startup. Cancelling site startup., DetailsLevel: ERR
2026-04-13T20:33:06.8602293Z Site: fabric-poc-api stopped.
2026-04-13T20:33:06.8616547Z State: Stopping, Action: UnmountingVolumes, LastError: ContainerTimeout, LastErrorTimestamp: 04/13/2026 20:33:06, LastErrorDetails: Container did not start within expected time limit of 230s. Please inspect your container logs for more details., Details: Site container: fabric-poc-api terminated during site startup. Cancelling site startup., DetailsLevel: ERR
2026-04-13T20:33:06.9896392Z State: Stopping, Action: StoppingSiteNetworks, LastError: ContainerTimeout, LastErrorTimestamp: 04/13/2026 20:33:06, LastErrorDetails: Container did not start within expected time limit of 230s. Please inspect your container logs for more details., Details: Site container: fabric-poc-api terminated during site startup. Cancelling site startup., DetailsLevel: ERR
2026-04-13T20:33:07.0406282Z Site: fabric-poc-api will be blocked for 1 minutes till 04/13/2026 20:34:07
2026-04-13T20:33:07.0408014Z State: Blocked, Action: StoppingSiteNetworks, LastError: ContainerTimeout, LastErrorTimestamp: 04/13/2026 20:33:06, LastErrorDetails: Container did not start within expected time limit of 230s. Please inspect your container logs for more details., Details: Site: fabric-poc-api will be blocked for 1 minutes till 04/13/2026 20:34:07, DetailsLevel: WARN
2026-04-13T20:33:07.0412623Z State: Stopped, Action: None, LastError: ContainerTimeout, LastErrorTimestamp: 04/13/2026 20:33:06, LastErrorDetails: Container did not start within expected time limit of 230s. Please inspect your container logs for more details., Details: Site stopped at 04/13/2026 20:33:07 (UTC), DetailsLevel: WARN
2026-04-13T20:33:07.0684355Z State: Stopped, Action: None, LastError: ContainerTimeout, LastErrorTimestamp: 04/13/2026 20:33:06, LastErrorDetails: Container did not start within expected time limit of 230s. Please inspect your container logs for more details., Details: Site stopped at 04/13/2026 20:33:07 (UTC), DetailsLevel: WARN
2026-04-13T20:33:12.1036798Z State: Blocked, Action: None, LastError: ContainerTimeout, LastErrorTimestamp: 04/13/2026 20:33:06, LastErrorDetails: Container did not start within expected time limit of 230s. Please inspect your container logs for more details., Details: Site is blocked due to multiple, consecutive cold start failures. Site scheduled to be unblocked at 04/13/2026 20:34:07, DetailsLevel: WARN
2026-04-13T20:33:12.1037108Z Start site prohibitted because the site is being blocked.
2026-04-13T20:33:17.1761648Z State: Blocked, Action: None, LastError: ContainerTimeout, LastErrorTimestamp: 04/13/2026 20:33:06, LastErrorDetails: Container did not start within expected time limit of 230s. Please inspect your container logs for more details., Details: Site is blocked due to multiple, consecutive cold start failures. Site scheduled to be unblocked at 04/13/2026 20:34:07, DetailsLevel: WARN
2026-04-13T20:33:17.1761966Z Start site prohibitted because the site is being blocked.
2026-04-13T20:33:22.2484474Z State: Blocked, Action: None, LastError: ContainerTimeout, LastErrorTimestamp: 04/13/2026 20:33:06, LastErrorDetails: Container did not start within expected time limit of 230s. Please inspect your container logs for more details., Details: Site is blocked due to multiple, consecutive cold start failures. Site scheduled to be unblocked at 04/13/2026 20:34:07, DetailsLevel: WARN
2026-04-13T20:33:22.2484918Z Start site prohibitted because the site is being blocked.
2026-04-13T20:33:27.3054895Z State: Blocked, Action: None, LastError: ContainerTimeout, LastErrorTimestamp: 04/13/2026 20:33:06, LastErrorDetails: Container did not start within expected time limit of 230s. Please inspect your container logs for more details., Details: Site is blocked due to multiple, consecutive cold start failures. Site scheduled to be unblocked at 04/13/2026 20:34:07, DetailsLevel: WARN
2026-04-13T20:33:27.3055149Z Start site prohibitted because the site is being blocked.
2026-04-13T20:33:32.3596279Z State: Blocked, Action: None, LastError: ContainerTimeout, LastErrorTimestamp: 04/13/2026 20:33:06, LastErrorDetails: Container did not start within expected time limit of 230s. Please inspect your container logs for more details., Details: Site is blocked due to multiple, consecutive cold start failures. Site scheduled to be unblocked at 04/13/2026 20:34:07, DetailsLevel: WARN
2026-04-13T20:33:32.3596550Z Start site prohibitted because the site is being blocked.
2026-04-13T20:33:37.4205553Z State: Blocked, Action: None, LastError: ContainerTimeout, LastErrorTimestamp: 04/13/2026 20:33:06, LastErrorDetails: Container did not start within expected time limit of 230s. Please inspect your container logs for more details., Details: Site is blocked due to multiple, consecutive cold start failures. Site scheduled to be unblocked at 04/13/2026 20:34:07, DetailsLevel: WARN
2026-04-13T20:33:37.4262326Z Start site prohibitted because the site is being blocked.
2026-04-13T20:33:42.4922781Z State: Blocked, Action: None, LastError: ContainerTimeout, LastErrorTimestamp: 04/13/2026 20:33:06, LastErrorDetails: Container did not start within expected time limit of 230s. Please inspect your container logs for more details., Details: Site is blocked due to multiple, consecutive cold start failures. Site scheduled to be unblocked at 04/13/2026 20:34:07, DetailsLevel: WARN
2026-04-13T20:33:42.4923039Z Start site prohibitted because the site is being blocked.
2026-04-13T20:33:47.5811109Z State: Blocked, Action: None, LastError: ContainerTimeout, LastErrorTimestamp: 04/13/2026 20:33:06, LastErrorDetails: Container did not start within expected time limit of 230s. Please inspect your container logs for more details., Details: Site is blocked due to multiple, consecutive cold start failures. Site scheduled to be unblocked at 04/13/2026 20:34:07, DetailsLevel: WARN
2026-04-13T20:33:47.5811434Z Start site prohibitted because the site is being blocked.
2026-04-13T20:33:52.6354855Z State: Blocked, Action: None, LastError: ContainerTimeout, LastErrorTimestamp: 04/13/2026 20:33:06, LastErrorDetails: Container did not start within expected time limit of 230s. Please inspect your container logs for more details., Details: Site is blocked due to multiple, consecutive cold start failures. Site scheduled to be unblocked at 04/13/2026 20:34:07, DetailsLevel: WARN
2026-04-13T20:33:52.6355119Z Start site prohibitted because the site is being blocked.
2026-04-13T20:33:57.6959341Z State: Blocked, Action: None, LastError: ContainerTimeout, LastErrorTimestamp: 04/13/2026 20:33:06, LastErrorDetails: Container did not start within expected time limit of 230s. Please inspect your container logs for more details., Details: Site is blocked due to multiple, consecutive cold start failures. Site scheduled to be unblocked at 04/13/2026 20:34:07, DetailsLevel: WARN
2026-04-13T20:33:57.6959640Z Start site prohibitted because the site is being blocked.
2026-04-13T20:34:02.7667740Z State: Blocked, Action: None, LastError: ContainerTimeout, LastErrorTimestamp: 04/13/2026 20:33:06, LastErrorDetails: Container did not start within expected time limit of 230s. Please inspect your container logs for more details., Details: Site is blocked due to multiple, consecutive cold start failures. Site scheduled to be unblocked at 04/13/2026 20:34:07, DetailsLevel: WARN
2026-04-13T20:34:02.7667997Z Start site prohibitted because the site is being blocked.
2026-04-13T20:34:07.0400293Z Site: fabric-poc-api is unblocked.
2026-04-13T20:34:07.8127046Z State: Starting, Action: EstablishingSiteNetworks, LastError: ContainerTimeout, LastErrorTimestamp: 04/13/2026 20:33:06, LastErrorDetails: Container did not start within expected time limit of 230s. Please inspect your container logs for more details., Details: Site is blocked due to multiple, consecutive cold start failures. Site scheduled to be unblocked at 04/13/2026 20:34:07, DetailsLevel: WARN
2026-04-13T20:34:08.7616785Z State: Starting, Action: StartingSiteContainers, LastError: ContainerTimeout, LastErrorTimestamp: 04/13/2026 20:33:06, LastErrorDetails: Container did not start within expected time limit of 230s. Please inspect your container logs for more details., Details: Site is blocked due to multiple, consecutive cold start failures. Site scheduled to be unblocked at 04/13/2026 20:34:07, DetailsLevel: WARN
2026-04-13T20:34:08.7618279Z Container start method called.
2026-04-13T20:34:08.7618747Z State: Starting, Action: PullingImage, LastError: ContainerTimeout, LastErrorTimestamp: 04/13/2026 20:33:06, LastErrorDetails: Container did not start within expected time limit of 230s. Please inspect your container logs for more details., Details: Pulling image 10.1.0.6:13209/appsvc/python:3.11_20260203.2.tuxprod for fabric-poc-api., DetailsLevel: INFO
2026-04-13T20:34:08.7619961Z Establishing network.
2026-04-13T20:34:08.7621370Z Pulling image: appsvc/python:3.11_20260203.2.tuxprod.
2026-04-13T20:34:09.0119088Z Container is starting.
2026-04-13T20:34:09.0120012Z State: Starting, Action: MountingVolumes, LastError: ContainerTimeout, LastErrorTimestamp: 04/13/2026 20:33:06, LastErrorDetails: Container did not start within expected time limit of 230s. Please inspect your container logs for more details., Details: Mounting volumes for fabric-poc-api., DetailsLevel: INFO
2026-04-13T20:34:09.0121482Z Establishing user namespace if not established already.
2026-04-13T20:34:09.0122935Z Establishing network if not established already.
2026-04-13T20:34:09.0124740Z Mounting volumes.
2026-04-13T20:34:09.0126862Z Nested mountpoint 
2026-04-13T20:34:09.0148054Z Nested mountpoint volatile/logs
2026-04-13T20:34:09.2050392Z Nested mountpoint 
2026-04-13T20:34:09.2636882Z Nested mountpoint 
2026-04-13T20:34:09.2646112Z Nested mountpoint 
2026-04-13T20:34:09.3648749Z State: Starting, Action: CreatingContainer, LastError: ContainerTimeout, LastErrorTimestamp: 04/13/2026 20:33:06, LastErrorDetails: Container did not start within expected time limit of 230s. Please inspect your container logs for more details., Details: Finished pulling container image and mounting volumes for fabric-poc-api. Allocatinng the rest of the container resources to finish container creation., DetailsLevel: INFO
2026-04-13T20:34:09.3650047Z Creating container.
2026-04-13T20:34:09.3651680Z Creating pipes for streaming container io.
2026-04-13T20:34:09.3652949Z Creating stdout named pipe at /podr/container/pipe/2e7d23711b07_fabric-poc-api/stdout_87dca7360d7345258fae6a9a98ba7af5.
2026-04-13T20:34:09.3655065Z Successfully created stdout named pipe at: /podr/container/pipe/2e7d23711b07_fabric-poc-api/stdout_87dca7360d7345258fae6a9a98ba7af5.
2026-04-13T20:34:09.3656784Z Opening named pipe /podr/container/pipe/2e7d23711b07_fabric-poc-api/stdout_87dca7360d7345258fae6a9a98ba7af5 for reading in non-blocking mode.
2026-04-13T20:34:09.3658242Z Successfully opened named pipe: /podr/container/pipe/2e7d23711b07_fabric-poc-api/stdout_87dca7360d7345258fae6a9a98ba7af5.
2026-04-13T20:34:09.3659386Z Successfully removed non-blocking flag from /podr/container/pipe/2e7d23711b07_fabric-poc-api/stdout_87dca7360d7345258fae6a9a98ba7af5.
2026-04-13T20:34:09.3661166Z Creating stderr named pipe at /podr/container/pipe/2e7d23711b07_fabric-poc-api/stderr_3d8f0f29a1394d7b8f71b581641db307.
2026-04-13T20:34:09.3672342Z Successfully created stderr named pipe at: /podr/container/pipe/2e7d23711b07_fabric-poc-api/stderr_3d8f0f29a1394d7b8f71b581641db307.
2026-04-13T20:34:09.3674215Z Opening named pipe /podr/container/pipe/2e7d23711b07_fabric-poc-api/stderr_3d8f0f29a1394d7b8f71b581641db307 for reading in non-blocking mode.
2026-04-13T20:34:09.3676146Z Successfully opened named pipe: /podr/container/pipe/2e7d23711b07_fabric-poc-api/stderr_3d8f0f29a1394d7b8f71b581641db307.
2026-04-13T20:34:09.3677486Z Successfully removed non-blocking flag from /podr/container/pipe/2e7d23711b07_fabric-poc-api/stderr_3d8f0f29a1394d7b8f71b581641db307.
2026-04-13T20:34:09.3680512Z Creating container with image: appsvc/python:3.11_20260203.2.tuxprod from registry: 10.1.0.6:13209 and fully qualified image name: 10.1.0.6:13209/appsvc/python:3.11_20260203.2.tuxprod
2026-04-13T20:34:09.5659727Z Starting container: 2e7d23711b07_fabric-poc-api.
2026-04-13T20:34:09.5883325Z Starting watchers and probes.
2026-04-13T20:34:09.5888117Z Starting metrics collection.
2026-04-13T20:34:09.5960203Z Container is running.
2026-04-13T20:34:09.5961024Z State: Starting, Action: CreatingContainer, LastError: ContainerTimeout, LastErrorTimestamp: 04/13/2026 20:33:06, LastErrorDetails: Container did not start within expected time limit of 230s. Please inspect your container logs for more details., Details: Container fabric-poc-api successfully created and is running., DetailsLevel: INFO
2026-04-13T20:34:09.6214583Z Container start method finished after 852 ms.
2026-04-13T20:34:09.6239458Z State: Starting, Action: InitiatingSiteWarmUpProbe, LastError: ContainerTimeout, LastErrorTimestamp: 04/13/2026 20:33:06, LastErrorDetails: Container did not start within expected time limit of 230s. Please inspect your container logs for more details., Details: Container fabric-poc-api successfully created and is running., DetailsLevel: INFO
2026-04-13T20:34:09.6240258Z State: Starting, Action: WaitingForSiteWarmUpProbeSuccess, LastError: ContainerTimeout, LastErrorTimestamp: 04/13/2026 20:33:06, LastErrorDetails: Container did not start within expected time limit of 230s. Please inspect your container logs for more details., Details: Pinging warmup path to ensure container is ready to receive requests., DetailsLevel: INFO
2026-04-13T20:34:16.8891839Z Container has finished running with exit code: 127.
2026-04-13T20:34:16.8893367Z Container is terminating. Grace period: 5 seconds.
2026-04-13T20:34:16.8897994Z Stop and delete container. Retry count = 0
2026-04-13T20:34:16.8899118Z Stopping container: 2e7d23711b07_fabric-poc-api.
2026-04-13T20:34:17.2723125Z Deleting container: 2e7d23711b07_fabric-poc-api. Retry count = 0
2026-04-13T20:34:17.5617276Z Container spec TerminationMessagePolicy  path 
2026-04-13T20:34:17.5620181Z Container is terminated. Total time elapsed: 672 ms.
2026-04-13T20:34:17.5636064Z Site container: fabric-poc-api terminated during site startup.
2026-04-13T20:34:17.5636937Z State: Stopping, Action: CancellingStartup, LastError: ContainerTimeout, LastErrorTimestamp: 04/13/2026 20:33:06, LastErrorDetails: Container did not start within expected time limit of 230s. Please inspect your container logs for more details., Details: Site container: fabric-poc-api terminated during site startup. Cancelling site startup., DetailsLevel: ERR
2026-04-13T20:34:17.5651664Z Site startup probe failed after 7.9403874 seconds.
2026-04-13T20:34:17.6210384Z State: Stopping, Action: CancellingStartup, LastError: ContainerTimeout, LastErrorTimestamp: 04/13/2026 20:34:17, LastErrorDetails: Container did not start within expected time limit of 230s. Please inspect your container logs for more details., Details: Site container: fabric-poc-api terminated during site startup. Cancelling site startup., DetailsLevel: ERR
2026-04-13T20:34:17.6221509Z Failed to start site. Revert by stopping site.
2026-04-13T20:34:17.6228422Z State: Stopping, Action: StoppingSite, LastError: ContainerTimeout, LastErrorTimestamp: 04/13/2026 20:34:17, LastErrorDetails: Container did not start within expected time limit of 230s. Please inspect your container logs for more details., Details: Site container: fabric-poc-api terminated during site startup. Cancelling site startup., DetailsLevel: ERR
2026-04-13T20:34:17.6231153Z State: Stopping, Action: StoppingSiteContainers, LastError: ContainerTimeout, LastErrorTimestamp: 04/13/2026 20:34:17, LastErrorDetails: Container did not start within expected time limit of 230s. Please inspect your container logs for more details., Details: Site container: fabric-poc-api terminated during site startup. Cancelling site startup., DetailsLevel: ERR
2026-04-13T20:34:17.6231323Z Site: fabric-poc-api stopped.
