2026-04-13T20:31:24.7331854Z    _____                               
2026-04-13T20:31:24.9029998Z   /  _  \ __________ _________   ____  
2026-04-13T20:31:24.9030614Z  /  /_\  \\___   /  |  \_  __ \_/ __ \ 
2026-04-13T20:31:24.9030667Z /    |    \/    /|  |  /|  | \/\  ___/ 
2026-04-13T20:31:24.9030707Z \____|__  /_____ \____/ |__|    \___  >
2026-04-13T20:31:24.9030810Z         \/      \/                  \/ 
2026-04-13T20:31:24.9030880Z A P P   S E R V I C E   O N   L I N U X
2026-04-13T20:31:24.9030931Z 
2026-04-13T20:31:24.9030975Z Documentation    : http://aka.ms/webapp-linux
2026-04-13T20:31:24.9031014Z Python quickstart: https://aka.ms/python-qs
2026-04-13T20:31:24.9031068Z Python version   : 3.11.14
2026-04-13T20:31:24.9031107Z Instance Name    : 10-30-0-142
2026-04-13T20:31:24.9031178Z Instance Id      : 4811481022406343dec17cf4fd8bdf07b861b8e964e8b6c357e7bf184c92d6e0
2026-04-13T20:31:24.9031214Z 
2026-04-13T20:31:24.9031252Z Note: Any data outside '/home' is not persisted
2026-04-13T20:31:27.5262948Z Starting OpenBSD Secure Shell server: sshd.
2026-04-13T20:31:27.5831809Z WEBSITES_INCLUDE_CLOUD_CERTS is not set to true.
2026-04-13T20:31:27.8200391Z Updating certificates in /etc/ssl/certs...
2026-04-13T20:31:34.1855657Z rehash: warning: skipping duplicate certificate in azl_SSL.com_TLS_ECC_Root_CA_2022.pem
2026-04-13T20:31:34.1882992Z rehash: warning: skipping duplicate certificate in azl_Sectigo_Public_Server_Authentication_Root_R46.pem
2026-04-13T20:31:34.1902858Z rehash: warning: skipping duplicate certificate in azl_SSL.com_TLS_RSA_Root_CA_2022.pem
2026-04-13T20:31:34.1930668Z rehash: warning: skipping duplicate certificate in azl_Sectigo_Public_Server_Authentication_Root_E46.pem
2026-04-13T20:31:34.2095018Z 4 added, 0 removed; done.
2026-04-13T20:31:34.2102778Z Running hooks in /etc/ca-certificates/update.d...
2026-04-13T20:31:34.2187913Z done.
2026-04-13T20:31:34.2219064Z CA certificates copied and updated successfully.
2026-04-13T20:31:34.5856309Z Site's appCommandLine: cd backend && uvicorn api:app --host 0.0.0.0 --port 8000
2026-04-13T20:31:35.1745107Z Starting periodic command scheduler: cron.
2026-04-13T20:31:35.1751425Z Launching oryx with: create-script -appPath /home/site/wwwroot -output /opt/startup/startup.sh -virtualEnvName antenv -defaultApp /opt/defaultsite -userStartupCommand 'cd backend && uvicorn api:app --host 0.0.0.0 --port 8000'
2026-04-13T20:31:35.2779471Z Could not find build manifest file at '/home/site/wwwroot/oryx-manifest.toml'
2026-04-13T20:31:35.2780110Z Could not find operation ID in manifest. Generating an operation id...
2026-04-13T20:31:35.2780291Z Build Operation ID: cdd1eb3b-8272-48d6-8b66-d4e0dbf34334
2026-04-13T20:31:35.9737639Z Oryx Version: 0.2.20260130.1, Commit: a98e9aef5dfb6572a08b0a07ce414e1122ab4a2e, ReleaseTagName: 20260130.1
2026-04-13T20:31:35.9816443Z Writing output script to '/opt/startup/startup.sh'
2026-04-13T20:31:36.4056195Z WARNING: Could not find virtual environment directory /home/site/wwwroot/antenv.
2026-04-13T20:31:36.4056849Z WARNING: Could not find package directory /home/site/wwwroot/__oryx_packages__.
2026-04-13T20:31:36.4091334Z /opt/startup/startup.sh: 23: cd: can't cd to backend
2026-04-13T20:31:48.6720585Z    _____                               
2026-04-13T20:31:48.6720979Z   /  _  \ __________ _________   ____  
2026-04-13T20:31:48.6721014Z  /  /_\  \\___   /  |  \_  __ \_/ __ \ 
2026-04-13T20:31:48.6721042Z /    |    \/    /|  |  /|  | \/\  ___/ 
2026-04-13T20:31:48.6721071Z \____|__  /_____ \____/ |__|    \___  >
2026-04-13T20:31:48.6721096Z         \/      \/                  \/ 
2026-04-13T20:31:48.6721246Z A P P   S E R V I C E   O N   L I N U X
2026-04-13T20:31:48.6721272Z 
2026-04-13T20:31:48.6721308Z Documentation    : http://aka.ms/webapp-linux
2026-04-13T20:31:48.6721396Z Python quickstart: https://aka.ms/python-qs
2026-04-13T20:31:48.6721422Z Python version   : 3.11.14
2026-04-13T20:31:48.6721447Z Instance Name    : 10-30-0-142
2026-04-13T20:31:48.6721477Z Instance Id      : 4811481022406343dec17cf4fd8bdf07b861b8e964e8b6c357e7bf184c92d6e0
2026-04-13T20:31:48.6721500Z 
2026-04-13T20:31:48.6721526Z Note: Any data outside '/home' is not persisted
2026-04-13T20:31:49.7278351Z Starting OpenBSD Secure Shell server: sshd.
2026-04-13T20:31:49.7379687Z WEBSITES_INCLUDE_CLOUD_CERTS is not set to true.
2026-04-13T20:31:49.7697431Z Updating certificates in /etc/ssl/certs...
2026-04-13T20:31:54.9402973Z rehash: warning: skipping duplicate certificate in azl_SSL.com_TLS_ECC_Root_CA_2022.pem
2026-04-13T20:31:54.9462714Z rehash: warning: skipping duplicate certificate in azl_Sectigo_Public_Server_Authentication_Root_R46.pem
2026-04-13T20:31:54.9507282Z rehash: warning: skipping duplicate certificate in azl_SSL.com_TLS_RSA_Root_CA_2022.pem
2026-04-13T20:31:54.9563545Z rehash: warning: skipping duplicate certificate in azl_Sectigo_Public_Server_Authentication_Root_E46.pem
2026-04-13T20:31:54.9738515Z 4 added, 0 removed; done.
2026-04-13T20:31:54.9740252Z Running hooks in /etc/ca-certificates/update.d...
2026-04-13T20:31:54.9751696Z done.
2026-04-13T20:31:54.9814358Z CA certificates copied and updated successfully.
2026-04-13T20:31:55.0311620Z Site's appCommandLine: cd backend && uvicorn api:app --host 0.0.0.0 --port 8000
2026-04-13T20:31:55.1642738Z Starting periodic command scheduler: cron.
2026-04-13T20:31:55.1643942Z Launching oryx with: create-script -appPath /home/site/wwwroot -output /opt/startup/startup.sh -virtualEnvName antenv -defaultApp /opt/defaultsite -userStartupCommand 'cd backend && uvicorn api:app --host 0.0.0.0 --port 8000'
2026-04-13T20:31:55.2089990Z Found build manifest file at '/home/site/wwwroot/oryx-manifest.toml'. Deserializing it...
2026-04-13T20:31:55.2108163Z Build Operation ID: ac7c3c758952437f
2026-04-13T20:31:55.2119004Z Output is compressed. Extracting it...
2026-04-13T20:31:55.2120064Z Oryx Version: 0.2.20260130.1, Commit: a98e9aef5dfb6572a08b0a07ce414e1122ab4a2e, ReleaseTagName: 20260130.1
2026-04-13T20:31:55.2125870Z Found zstd-compressed tarball.
2026-04-13T20:31:55.2132893Z Extracting '/home/site/wwwroot/output.tar.zst' to directory '/tmp/8de999b990a25e8'...
2026-04-13T20:31:55.2133057Z Using zstd for decompression of file: /home/site/wwwroot/output.tar.zst
2026-04-13T20:31:55.7653441Z zstd tar Successfully extracted '/home/site/wwwroot/output.tar.zst' to '/tmp/8de999b990a25e8'
2026-04-13T20:31:55.7654687Z App path is set to '/tmp/8de999b990a25e8'
2026-04-13T20:31:56.1135300Z Writing output script to '/opt/startup/startup.sh'
2026-04-13T20:31:56.9147471Z Using packages from virtual environment antenv located at /tmp/8de999b990a25e8/antenv.
2026-04-13T20:31:56.9147938Z Updated PYTHONPATH to '/opt/startup/app_logs:/tmp/8de999b990a25e8/antenv/lib/python3.11/site-packages'
2026-04-13T20:31:56.9154567Z /opt/startup/startup.sh: 26: uvicorn: not found
2026-04-13T20:33:00.3223120Z    _____                               
2026-04-13T20:33:00.3223389Z   /  _  \ __________ _________   ____  
2026-04-13T20:33:00.3223424Z  /  /_\  \\___   /  |  \_  __ \_/ __ \ 
2026-04-13T20:33:00.3223465Z /    |    \/    /|  |  /|  | \/\  ___/ 
2026-04-13T20:33:00.3223495Z \____|__  /_____ \____/ |__|    \___  >
2026-04-13T20:33:00.3223522Z         \/      \/                  \/ 
2026-04-13T20:33:00.3223549Z A P P   S E R V I C E   O N   L I N U X
2026-04-13T20:33:00.3223573Z 
2026-04-13T20:33:00.3223603Z Documentation    : http://aka.ms/webapp-linux
2026-04-13T20:33:00.3223630Z Python quickstart: https://aka.ms/python-qs
2026-04-13T20:33:00.3223676Z Python version   : 3.11.14
2026-04-13T20:33:00.3223705Z Instance Name    : 10-30-0-142
2026-04-13T20:33:00.3223738Z Instance Id      : 4811481022406343dec17cf4fd8bdf07b861b8e964e8b6c357e7bf184c92d6e0
2026-04-13T20:33:00.3223766Z 
2026-04-13T20:33:00.3223792Z Note: Any data outside '/home' is not persisted
2026-04-13T20:33:00.6003156Z Starting OpenBSD Secure Shell server: sshd.
2026-04-13T20:33:00.6041744Z WEBSITES_INCLUDE_CLOUD_CERTS is not set to true.
2026-04-13T20:33:00.6232783Z Updating certificates in /etc/ssl/certs...
2026-04-13T20:33:05.0160765Z rehash: warning: skipping duplicate certificate in azl_SSL.com_TLS_ECC_Root_CA_2022.pem
2026-04-13T20:33:05.0227434Z rehash: warning: skipping duplicate certificate in azl_Sectigo_Public_Server_Authentication_Root_R46.pem
2026-04-13T20:33:05.0277193Z rehash: warning: skipping duplicate certificate in azl_SSL.com_TLS_RSA_Root_CA_2022.pem
2026-04-13T20:33:05.0354913Z rehash: warning: skipping duplicate certificate in azl_Sectigo_Public_Server_Authentication_Root_E46.pem
2026-04-13T20:33:05.0603037Z 4 added, 0 removed; done.
2026-04-13T20:33:05.0605736Z Running hooks in /etc/ca-certificates/update.d...
2026-04-13T20:33:05.0664313Z done.
2026-04-13T20:33:05.0802799Z CA certificates copied and updated successfully.
2026-04-13T20:33:05.1376153Z Site's appCommandLine: cd backend && uvicorn api:app --host 0.0.0.0 --port 8000
2026-04-13T20:33:05.2995775Z Starting periodic command scheduler: cron.
2026-04-13T20:33:05.3030762Z Launching oryx with: create-script -appPath /home/site/wwwroot -output /opt/startup/startup.sh -virtualEnvName antenv -defaultApp /opt/defaultsite -userStartupCommand 'cd backend && uvicorn api:app --host 0.0.0.0 --port 8000'
2026-04-13T20:33:05.3957545Z Found build manifest file at '/home/site/wwwroot/oryx-manifest.toml'. Deserializing it...
2026-04-13T20:33:05.3989064Z Build Operation ID: ac7c3c758952437f
2026-04-13T20:33:05.4011824Z Oryx Version: 0.2.20260130.1, Commit: a98e9aef5dfb6572a08b0a07ce414e1122ab4a2e, ReleaseTagName: 20260130.1
2026-04-13T20:33:05.4020485Z Output is compressed. Extracting it...
2026-04-13T20:33:05.4060345Z Found zstd-compressed tarball.
2026-04-13T20:33:05.4060882Z Extracting '/home/site/wwwroot/output.tar.zst' to directory '/tmp/8de999b990a25e8'...
2026-04-13T20:33:05.4060956Z Using zstd for decompression of file: /home/site/wwwroot/output.tar.zst
2026-04-13T20:33:05.9038369Z zstd tar Successfully extracted '/home/site/wwwroot/output.tar.zst' to '/tmp/8de999b990a25e8'
2026-04-13T20:33:05.9039003Z App path is set to '/tmp/8de999b990a25e8'
2026-04-13T20:33:06.1025304Z Writing output script to '/opt/startup/startup.sh'
2026-04-13T20:33:06.2544753Z Using packages from virtual environment antenv located at /tmp/8de999b990a25e8/antenv.
2026-04-13T20:33:06.2545168Z Updated PYTHONPATH to '/opt/startup/app_logs:/tmp/8de999b990a25e8/antenv/lib/python3.11/site-packages'
2026-04-13T20:33:06.2545345Z /opt/startup/startup.sh: 26: uvicorn: not found
2026-04-13T20:34:09.6297699Z    _____                               
2026-04-13T20:34:09.6297901Z   /  _  \ __________ _________   ____  
2026-04-13T20:34:09.6297935Z  /  /_\  \\___   /  |  \_  __ \_/ __ \ 
2026-04-13T20:34:09.6297963Z /    |    \/    /|  |  /|  | \/\  ___/ 
2026-04-13T20:34:09.6297990Z \____|__  /_____ \____/ |__|    \___  >
2026-04-13T20:34:09.6298290Z         \/      \/                  \/ 
2026-04-13T20:34:09.6298324Z A P P   S E R V I C E   O N   L I N U X
2026-04-13T20:34:09.6298351Z 
2026-04-13T20:34:09.6298380Z Documentation    : http://aka.ms/webapp-linux
2026-04-13T20:34:09.6298409Z Python quickstart: https://aka.ms/python-qs
2026-04-13T20:34:09.6298437Z Python version   : 3.11.14
2026-04-13T20:34:09.6298478Z Instance Name    : 10-30-0-142
2026-04-13T20:34:09.6298514Z Instance Id      : 4811481022406343dec17cf4fd8bdf07b861b8e964e8b6c357e7bf184c92d6e0
2026-04-13T20:34:09.6298540Z 
2026-04-13T20:34:09.6298567Z Note: Any data outside '/home' is not persisted
2026-04-13T20:34:09.7866403Z Starting OpenBSD Secure Shell server: sshd.
2026-04-13T20:34:09.7911088Z WEBSITES_INCLUDE_CLOUD_CERTS is not set to true.
2026-04-13T20:34:09.8079648Z Updating certificates in /etc/ssl/certs...
2026-04-13T20:34:14.5453815Z rehash: warning: skipping duplicate certificate in azl_SSL.com_TLS_ECC_Root_CA_2022.pem
2026-04-13T20:34:14.5484661Z rehash: warning: skipping duplicate certificate in azl_Sectigo_Public_Server_Authentication_Root_R46.pem
2026-04-13T20:34:14.5506162Z rehash: warning: skipping duplicate certificate in azl_SSL.com_TLS_RSA_Root_CA_2022.pem
2026-04-13T20:34:14.5543177Z rehash: warning: skipping duplicate certificate in azl_Sectigo_Public_Server_Authentication_Root_E46.pem
2026-04-13T20:34:14.6382792Z 4 added, 0 removed; done.
2026-04-13T20:34:14.6382958Z Running hooks in /etc/ca-certificates/update.d...
2026-04-13T20:34:14.6427093Z done.
2026-04-13T20:34:14.6485380Z CA certificates copied and updated successfully.
2026-04-13T20:34:14.8166887Z Site's appCommandLine: cd backend && uvicorn api:app --host 0.0.0.0 --port 8000
2026-04-13T20:34:15.2390622Z Starting periodic command scheduler: cron.
2026-04-13T20:34:15.2390886Z Launching oryx with: create-script -appPath /home/site/wwwroot -output /opt/startup/startup.sh -virtualEnvName antenv -defaultApp /opt/defaultsite -userStartupCommand 'cd backend && uvicorn api:app --host 0.0.0.0 --port 8000'
2026-04-13T20:34:15.5314636Z Found build manifest file at '/home/site/wwwroot/oryx-manifest.toml'. Deserializing it...
2026-04-13T20:34:15.5330261Z Build Operation ID: ac7c3c758952437f
2026-04-13T20:34:15.5340384Z Output is compressed. Extracting it...
2026-04-13T20:34:15.5341196Z Oryx Version: 0.2.20260130.1, Commit: a98e9aef5dfb6572a08b0a07ce414e1122ab4a2e, ReleaseTagName: 20260130.1
2026-04-13T20:34:15.5354203Z Found zstd-compressed tarball.
2026-04-13T20:34:15.5354309Z Extracting '/home/site/wwwroot/output.tar.zst' to directory '/tmp/8de999b990a25e8'...
2026-04-13T20:34:15.5354353Z Using zstd for decompression of file: /home/site/wwwroot/output.tar.zst
2026-04-13T20:34:16.0190620Z zstd tar Successfully extracted '/home/site/wwwroot/output.tar.zst' to '/tmp/8de999b990a25e8'
2026-04-13T20:34:16.0190947Z App path is set to '/tmp/8de999b990a25e8'
2026-04-13T20:34:16.2197753Z Writing output script to '/opt/startup/startup.sh'
2026-04-13T20:34:16.8652814Z Using packages from virtual environment antenv located at /tmp/8de999b990a25e8/antenv.
2026-04-13T20:34:16.8653222Z Updated PYTHONPATH to '/opt/startup/app_logs:/tmp/8de999b990a25e8/antenv/lib/python3.11/site-packages'
2026-04-13T20:34:16.8653400Z /opt/startup/startup.sh: 26: uvicorn: not found
