2026-04-13T20:38:31.6879415Z,Updating submodules.,00d7f9d7-6dde-4e2e-93a6-b469801a5115,0
2026-04-13T20:38:33.6212985Z,Preparing deployment for commit id '0b0e399c-f'.,ece667ae-1cfd-4566-a210-1d40c31d4c22,0
2026-04-13T20:38:34.4786079Z,PreDeployment: context.CleanOutputPath False,a0dd578f-ed18-42d4-95d4-e6b856493728,0
2026-04-13T20:38:34.8145863Z,PreDeployment: context.OutputPath /home/site/wwwroot,8e251c92-480b-44e4-8f37-30dc53859673,0
2026-04-13T20:38:35.2277976Z,Repository path is /tmp/zipdeploy/extracted,69503895-0ddc-4d5d-93d1-2c79e675fa09,0
2026-04-13T20:38:35.4796369Z,Running oryx build...,a383a360-d99e-4947-8bc0-ea8f596d3ed7,0
	2026-04-13T20:38:35.4914013Z,Command: oryx build /tmp/zipdeploy/extracted -o /home/site/wwwroot --platform python --platform-version 3.11 -p virtualenv_name=antenv --log-file /tmp/build-debug.log  -i /tmp/8de999ca1bbee6c --compress-destination-dir | tee /tmp/oryx-build.log,,0
	2026-04-13T20:38:40.4233970Z,Operation performed by Microsoft Oryx&comma; https://github.com/Microsoft/Oryx,,0
	2026-04-13T20:38:40.5031593Z,You can report issues at https://github.com/Microsoft/Oryx/issues,,0
	2026-04-13T20:38:40.5316534Z,,,0
	2026-04-13T20:38:40.5876743Z,Oryx Version: 0.2.20260204.1+0fdbe200b286be083841ff7fa201c6c2316dc6b9&comma; Commit: 0fdbe200b286be083841ff7fa201c6c2316dc6b9&comma; ReleaseTagName: 20260204.1,,0
	2026-04-13T20:38:40.6476145Z,,,0
	2026-04-13T20:38:40.7719832Z,Build Operation ID: 11c27b3a4a6e2636,,0
	2026-04-13T20:38:40.8595627Z,Repository Commit : 0b0e399c-f460-49f1-9069-0ffd5defd9bd,,0
	2026-04-13T20:38:40.9266841Z,OS Type           : bullseye,,0
	2026-04-13T20:38:40.9843259Z,Image Type        : githubactions,,0
	2026-04-13T20:38:41.0329028Z,,,0
	2026-04-13T20:38:41.1035781Z,Primary SDK Storage URL: https://oryx-cdn.microsoft.io,,0
	2026-04-13T20:38:41.1823450Z,Backup SDK Storage URL: ,,0
	2026-04-13T20:38:41.2295494Z,Detecting platforms...,,0
	2026-04-13T20:38:41.2763232Z,External SDK provider is enabled.,,0
	2026-04-13T20:38:41.3080691Z,Requesting metadata for platform python from external SDK provider,,0
	2026-04-13T20:38:42.7303920Z,Requesting metadata for platform python from external SDK provider,,0
	2026-04-13T20:38:43.5781345Z,Successfully requested blob for platform python&comma; blobName defaultVersion.bullseye.txt&comma; available at /var/OryxSdks/python/defaultVersion.bullseye.txt,,0
	2026-04-13T20:38:44.3731615Z,Detected following platforms:,,0
	2026-04-13T20:38:44.4193750Z,  python: 3.11.15,,0
	2026-04-13T20:38:44.4883300Z,Requesting metadata for platform python from external SDK provider,,0
	2026-04-13T20:38:59.1574345Z,Successfully requested blob for platform python&comma; blobName python-bullseye-3.11.15.tar.gz&comma; available at /var/OryxSdks/python/python-bullseye-3.11.15.tar.gz,,0
	2026-04-13T20:39:02.9664827Z,Version '3.11.15' of platform 'python' is not installed. Generating script to install it...,,0
	2026-04-13T20:39:04.5474582Z,,,0
	2026-04-13T20:39:05.1607366Z,Using intermediate directory '/tmp/8de999ca1bbee6c'.,,0
	2026-04-13T20:39:05.2313822Z,,,0
	2026-04-13T20:39:05.2509821Z,Copying files to the intermediate directory...,,0
	2026-04-13T20:39:05.3637633Z,Copying files to intermediate directory done in 0 sec(s).,,0
	2026-04-13T20:39:05.4417368Z,,,0
	2026-04-13T20:39:05.4731703Z,Source directory     : /tmp/8de999ca1bbee6c,,0
	2026-04-13T20:39:05.5207167Z,Destination directory: /home/site/wwwroot,,0
	2026-04-13T20:39:05.5511627Z,,,0
	2026-04-13T20:39:05.5898474Z,Installing platform...,,0
	2026-04-13T20:39:05.6196584Z,,,0
	2026-04-13T20:39:05.7103535Z,Downloading and extracting 'python' version '3.11.15' to '/tmp/oryx/platforms/python/3.11.15'...,,0
	2026-04-13T20:39:05.7856185Z,Detected image debian flavor: bullseye.,,0
	2026-04-13T20:39:05.8163155Z,Skipping download of python version 3.11.15 as it is available in external sdk provider cache...,,0
	2026-04-13T20:39:05.8611794Z,Extracting contents...,,0
	2026-04-13T20:40:55.8514665Z,Successfully extracted python version 3.11.15 from external sdk provider cache...,,0
	2026-04-13T20:40:56.4191453Z,,,0
	2026-04-13T20:40:56.4857057Z,image detector file exists&comma; platform is python..,,0
	2026-04-13T20:40:56.7913733Z,OS detector file exists&comma; OS is bullseye..,,0
	2026-04-13T20:40:56.9016940Z,Platform installation done in 111 sec(s).,,0
	2026-04-13T20:41:05.5253152Z,Running build script snippets...,,0
	2026-04-13T20:41:06.0281946Z,Python Version: /tmp/oryx/platforms/python/3.11.15/bin/python3.11,,0
	2026-04-13T20:41:06.3145726Z,Creating directory for command manifest file if it does not exist,,0
	2026-04-13T20:41:06.3609454Z,Removing existing manifest file,,0
	2026-04-13T20:41:06.6728112Z,Python Virtual Environment: antenv,,0
	2026-04-13T20:41:07.0319561Z,Creating virtual environment...,,0
	2026-04-13T20:41:07.1713395Z,Executing: /tmp/oryx/platforms/python/3.11.15/bin/python3.11 -m venv antenv --copies,,0
	2026-04-13T20:43:17.2049177Z,Activating virtual environment...,,0
	2026-04-13T20:43:18.0242645Z,Could not find requirements.txt&comma; pyproject.toml&comma; or setup.py; Not installing dependencies. More information: https://aka.ms/requirements-not-found,,0
	2026-04-13T20:43:18.9251986Z,Not a vso image&comma; so not writing build commands,,0
	2026-04-13T20:43:19.4551523Z,Build script snippets done in 134 sec(s).,,0
	2026-04-13T20:43:19.7082692Z,Preparing output...,,0
	2026-04-13T20:43:20.0143169Z,Compressing source directory directly to destination (optimized path)...,,0
	2026-04-13T20:43:20.2257492Z,Using zstd for compression,,0
	2026-04-13T20:43:48.6913491Z,Copied the compressed output to '/home/site/wwwroot',,0
	2026-04-13T20:43:48.8507175Z,Direct compression with zstd done in 29 sec(s).,,0
	2026-04-13T20:43:49.0725952Z,,,0
	2026-04-13T20:43:49.2718067Z,Removing existing manifest file,,0
	2026-04-13T20:43:49.5007895Z,Creating a manifest file...,,0
	2026-04-13T20:43:49.7442042Z,Manifest file created.,,0
	2026-04-13T20:43:49.8336278Z,Copying .ostype to manifest output directory.,,0
	2026-04-13T20:43:50.0821508Z,,,0
	2026-04-13T20:43:50.1615519Z,Total execution done in 285 sec(s).,,0
2026-04-13T20:43:53.2919632Z,Running post deployment command(s)...,24dc5b4f-539b-473e-851c-1503085ba9f2,0
2026-04-13T20:43:54.2233336Z,,fca3e802-a8ac-4351-adb2-81626264a0b2,0
2026-04-13T20:43:54.6038857Z,Generating summary of Oryx build,d140ebf2-933f-43bc-a186-87fac844c6cf,0
2026-04-13T20:43:55.4773350Z,Parsing the build logs,da2235bc-2daa-4dd5-826b-d09ca81991c3,0
2026-04-13T20:43:55.9994058Z,Found 0 issue(s),e4a4ab9b-494f-42b2-af16-095ae46864d0,0
2026-04-13T20:43:56.3790637Z,,06409a58-7585-44d8-946c-ca27af835a6d,0
2026-04-13T20:43:57.2719289Z,Build Summary :,e3088381-2df9-49c2-83c1-45b161b71c76,0
2026-04-13T20:43:58.2163893Z,===============,50802298-76ca-48a9-9cb4-e24d1731db3c,0
2026-04-13T20:43:59.2991000Z,Errors (0),1b02cdb5-f4b7-471b-bd89-ca4e4102a4c8,0
2026-04-13T20:44:00.4357943Z,Warnings (0),f10fbfe2-7d24-4b67-b43d-963effa7bbb1,0
2026-04-13T20:44:01.3047771Z,,6e59e8cb-42ed-4637-bdf2-95058b44a2e7,0
2026-04-13T20:44:02.0686766Z,Triggering recycle (preview mode disabled).,b5fee530-e3a5-4fb4-a5bd-500ce3cc67d6,0
2026-04-13T20:44:03.7998595Z,Deployment successful. deployer = ms-azuretools-vscode deploymentPath = ZipDeploy. Extract zip. Remote build.,c54b4478-4e48-4cfb-aae3-84cba970bec8,0
