2026-04-13T20:31:08.6690360Z,Updating submodules.,f440f054-eb66-4031-9292-e82a99146d92,0
2026-04-13T20:31:09.8197844Z,Preparing deployment for commit id 'cc6b6b9e-5'.,eb6d78e2-1fea-4700-aad7-5c4d77178d00,0
2026-04-13T20:31:10.1894225Z,PreDeployment: context.CleanOutputPath False,7c91b210-26cf-4e0e-87aa-96af694fc09b,0
2026-04-13T20:31:10.3551720Z,PreDeployment: context.OutputPath /home/site/wwwroot,0987a0ce-268c-4387-ab7f-dbc9755c18b6,0
2026-04-13T20:31:10.5373931Z,Repository path is /tmp/zipdeploy/extracted,15bf3c6c-b984-4e98-b25a-16f7b061de8e,0
2026-04-13T20:31:10.6796606Z,Running oryx build...,0d72a713-3f23-4edf-ab51-a922357e21fb,0
	2026-04-13T20:31:10.6876613Z,Command: oryx build /tmp/zipdeploy/extracted -o /home/site/wwwroot --platform python --platform-version 3.11 -p virtualenv_name=antenv --log-file /tmp/build-debug.log  -i /tmp/8de999b990a25e8 --compress-destination-dir | tee /tmp/oryx-build.log,,0
	2026-04-13T20:31:11.4634345Z,Operation performed by Microsoft Oryx&comma; https://github.com/Microsoft/Oryx,,0
	2026-04-13T20:31:11.4766588Z,You can report issues at https://github.com/Microsoft/Oryx/issues,,0
	2026-04-13T20:31:11.4932221Z,,,0
	2026-04-13T20:31:11.5020676Z,Oryx Version: 0.2.20260204.1+0fdbe200b286be083841ff7fa201c6c2316dc6b9&comma; Commit: 0fdbe200b286be083841ff7fa201c6c2316dc6b9&comma; ReleaseTagName: 20260204.1,,0
	2026-04-13T20:31:11.5079598Z,,,0
	2026-04-13T20:31:11.5183216Z,Build Operation ID: ac7c3c758952437f,,0
	2026-04-13T20:31:11.5263276Z,Repository Commit : cc6b6b9e-532e-4d9a-993f-e8ee41ba44ca,,0
	2026-04-13T20:31:11.5332386Z,OS Type           : bullseye,,0
	2026-04-13T20:31:11.5391209Z,Image Type        : githubactions,,0
	2026-04-13T20:31:11.5518915Z,,,0
	2026-04-13T20:31:11.5635009Z,Primary SDK Storage URL: https://oryx-cdn.microsoft.io,,0
	2026-04-13T20:31:11.5793053Z,Backup SDK Storage URL: ,,0
	2026-04-13T20:31:11.5903287Z,Detecting platforms...,,0
	2026-04-13T20:31:11.5972986Z,External SDK provider is enabled.,,0
	2026-04-13T20:31:11.6077401Z,Requesting metadata for platform python from external SDK provider,,0
	2026-04-13T20:31:12.5777148Z,Requesting metadata for platform python from external SDK provider,,0
	2026-04-13T20:31:12.9998933Z,Successfully requested blob for platform python&comma; blobName defaultVersion.bullseye.txt&comma; available at /var/OryxSdks/python/defaultVersion.bullseye.txt,,0
	2026-04-13T20:31:13.0370961Z,Detected following platforms:,,0
	2026-04-13T20:31:13.0456638Z,  python: 3.11.15,,0
	2026-04-13T20:31:13.0554531Z,Requesting metadata for platform python from external SDK provider,,0
	2026-04-13T20:31:21.2503868Z,Successfully requested blob for platform python&comma; blobName python-bullseye-3.11.15.tar.gz&comma; available at /var/OryxSdks/python/python-bullseye-3.11.15.tar.gz,,0
	2026-04-13T20:31:22.0217781Z,Version '3.11.15' of platform 'python' is not installed. Generating script to install it...,,0
	2026-04-13T20:31:22.2681835Z,,,0
	2026-04-13T20:31:22.3859643Z,Using intermediate directory '/tmp/8de999b990a25e8'.,,0
	2026-04-13T20:31:22.3977279Z,,,0
	2026-04-13T20:31:22.4035745Z,Copying files to the intermediate directory...,,0
	2026-04-13T20:31:22.4791295Z,Copying files to intermediate directory done in 0 sec(s).,,0
	2026-04-13T20:31:22.4952606Z,,,0
	2026-04-13T20:31:22.5073120Z,Source directory     : /tmp/8de999b990a25e8,,0
	2026-04-13T20:31:22.5170388Z,Destination directory: /home/site/wwwroot,,0
	2026-04-13T20:31:22.5307706Z,,,0
	2026-04-13T20:31:22.5447382Z,Installing platform...,,0
	2026-04-13T20:31:22.5612367Z,,,0
	2026-04-13T20:31:22.5749926Z,Downloading and extracting 'python' version '3.11.15' to '/tmp/oryx/platforms/python/3.11.15'...,,0
	2026-04-13T20:31:22.5889961Z,Detected image debian flavor: bullseye.,,0
	2026-04-13T20:31:22.6039016Z,Skipping download of python version 3.11.15 as it is available in external sdk provider cache...,,0
	2026-04-13T20:31:22.6230434Z,Extracting contents...,,0
	2026-04-13T20:31:42.3735006Z,Successfully extracted python version 3.11.15 from external sdk provider cache...,,0
	2026-04-13T20:31:42.4104423Z,,,0
	2026-04-13T20:31:42.4244506Z,image detector file exists&comma; platform is python..,,0
	2026-04-13T20:31:42.4676345Z,OS detector file exists&comma; OS is bullseye..,,0
	2026-04-13T20:31:42.4855177Z,Platform installation done in 20 sec(s).,,0
	2026-04-13T20:31:42.6673068Z,Running build script snippets...,,0
	2026-04-13T20:31:42.6806141Z,Python Version: /tmp/oryx/platforms/python/3.11.15/bin/python3.11,,0
	2026-04-13T20:31:42.6906270Z,Creating directory for command manifest file if it does not exist,,0
	2026-04-13T20:31:42.7188281Z,Removing existing manifest file,,0
	2026-04-13T20:31:42.7229056Z,Python Virtual Environment: antenv,,0
	2026-04-13T20:31:42.7286839Z,Creating virtual environment...,,0
	2026-04-13T20:31:42.7318992Z,Executing: /tmp/oryx/platforms/python/3.11.15/bin/python3.11 -m venv antenv --copies,,0
	2026-04-13T20:31:48.7501522Z,Activating virtual environment...,,0
	2026-04-13T20:31:48.7619526Z,Could not find requirements.txt&comma; pyproject.toml&comma; or setup.py; Not installing dependencies. More information: https://aka.ms/requirements-not-found,,0
	2026-04-13T20:31:48.8090428Z,Not a vso image&comma; so not writing build commands,,0
	2026-04-13T20:31:48.8193878Z,Build script snippets done in 6 sec(s).,,0
	2026-04-13T20:31:48.8281021Z,Preparing output...,,0
	2026-04-13T20:31:48.8607036Z,Compressing source directory directly to destination (optimized path)...,,0
	2026-04-13T20:31:48.8740453Z,Using zstd for compression,,0
	2026-04-13T20:31:49.3378367Z,Copied the compressed output to '/home/site/wwwroot',,0
	2026-04-13T20:31:49.3525625Z,Direct compression with zstd done in 1 sec(s).,,0
	2026-04-13T20:31:49.3639927Z,,,0
	2026-04-13T20:31:49.3759164Z,Removing existing manifest file,,0
	2026-04-13T20:31:49.3887867Z,Creating a manifest file...,,0
	2026-04-13T20:31:49.4153819Z,Manifest file created.,,0
	2026-04-13T20:31:49.4276246Z,Copying .ostype to manifest output directory.,,0
	2026-04-13T20:31:49.4552133Z,,,0
	2026-04-13T20:31:49.4606495Z,Total execution done in 27 sec(s).,,0
2026-04-13T20:31:49.8688147Z,Running post deployment command(s)...,dbcd36c6-740b-41ea-aeb4-e617de35374c,0
2026-04-13T20:31:50.0320131Z,,6f090e90-7267-4e20-bc18-c48bd3cfe67a,0
2026-04-13T20:31:50.1752066Z,Generating summary of Oryx build,68ec85be-0624-467d-a786-a1dcdba78927,0
2026-04-13T20:31:50.3585132Z,Parsing the build logs,75402e15-2a16-44ae-8a53-d59f9c3cf248,0
2026-04-13T20:31:50.5015771Z,Found 0 issue(s),ecf4d46c-35bd-4846-848e-e663f9ac6e03,0
2026-04-13T20:31:50.6391796Z,,b3362404-a6bb-465f-b29f-2354e3fe329f,0
2026-04-13T20:31:50.7718828Z,Build Summary :,7e950a31-fb01-4fb1-ba8a-01007582fea9,0
2026-04-13T20:31:51.1005377Z,===============,db5e0722-011a-4386-8b16-f754346e31a7,0
2026-04-13T20:31:51.2491834Z,Errors (0),1340e611-0abd-4dac-95d8-950f18348d11,0
2026-04-13T20:31:51.3942697Z,Warnings (0),b3d7a2d2-312f-4386-91fd-35344e66cb62,0
2026-04-13T20:31:51.5343921Z,,91b488c2-e834-4593-87e3-d49f1514e1d8,0
2026-04-13T20:31:51.7128833Z,Triggering recycle (preview mode disabled).,fb76b417-5599-4c34-84e1-ae65763c2176,0
2026-04-13T20:31:51.9576651Z,Deployment successful. deployer = ms-azuretools-vscode deploymentPath = ZipDeploy. Extract zip. Remote build.,54bf97b9-6e87-4a11-9d05-55b60147d6f5,0
